<?xml version="1.0" encoding="UTF-8"?>
<testsuite name="petstore.Pet" tests="4" skipped="0" failures="0" errors="0" timestamp="2021-08-25T23:09:34" hostname="CPX-5YRTGU0JVHG" time="5.34">
  <properties/>
  <testcase name="incluirPet" classname="petstore.Pet" time="2.686"/>
  <testcase name="consultarPet" classname="petstore.Pet" time="0.844"/>
  <testcase name="alterarPet" classname="petstore.Pet" time="0.932"/>
  <testcase name="excluirPet" classname="petstore.Pet" time="0.873"/>
  <system-out><![CDATA[Request method:	POST
Request URI:	https://petstore.swagger.io/v2/pet
Proxy:			<none>
Request params:	<none>
Query params:	<none>
Form params:	<none>
Path params:	<none>
Headers:		Accept=*/*
				Content-Type=application/json; charset=UTF-8
Cookies:		<none>
Multiparts:		<none>
Body:
{
    "id": 9643065515,
    "category": {
        "id": 1,
        "name": "AX2345LORD"
    },
    "name": "luke",
    "photoUrls": [
        "string"
    ],
    "tags": [
        {
            "id": 20210825,
            "name": "data"
        }
    ],
    "status": "available"
}
HTTP/1.1 200 OK
Date: Wed, 25 Aug 2021 23:09:36 GMT
Content-Type: application/json
Transfer-Encoding: chunked
Connection: keep-alive
Access-Control-Allow-Origin: *
Access-Control-Allow-Methods: GET, POST, DELETE, PUT
Access-Control-Allow-Headers: Content-Type, api_key, Authorization
Server: Jetty(9.2.9.v20150224)

{
    "id": 9643065515,
    "category": {
        "id": 1,
        "name": "AX2345LORD"
    },
    "name": "luke",
    "photoUrls": [
        "string"
    ],
    "tags": [
        {
            "id": 20210825,
            "name": "data"
        }
    ],
    "status": "available"
}
Request method:	GET
Request URI:	https://petstore.swagger.io/v2/pet/9643065515
Proxy:			<none>
Request params:	<none>
Query params:	<none>
Form params:	<none>
Path params:	<none>
Headers:		Accept=*/*
				Content-Type=application/json; charset=UTF-8
Cookies:		<none>
Multiparts:		<none>
Body:			<none>
HTTP/1.1 200 OK
Date: Wed, 25 Aug 2021 23:09:38 GMT
Content-Type: application/json
Transfer-Encoding: chunked
Connection: keep-alive
Access-Control-Allow-Origin: *
Access-Control-Allow-Methods: GET, POST, DELETE, PUT
Access-Control-Allow-Headers: Content-Type, api_key, Authorization
Server: Jetty(9.2.9.v20150224)

{
    "id": 9643065515,
    "category": {
        "id": 1,
        "name": "AX2345LORD"
    },
    "name": "luke",
    "photoUrls": [
        "string"
    ],
    "tags": [
        {
            "id": 20210825,
            "name": "data"
        }
    ],
    "status": "available"
}
O token é AX2345LORD
Request method:	PUT
Request URI:	https://petstore.swagger.io/v2/pet
Proxy:			<none>
Request params:	<none>
Query params:	<none>
Form params:	<none>
Path params:	<none>
Headers:		Accept=*/*
				Content-Type=application/json; charset=UTF-8
Cookies:		<none>
Multiparts:		<none>
Body:
{
    "id": 9643065515,
    "category": {
        "id": 1,
        "name": "AX2345LORD"
    },
    "name": "luke",
    "photoUrls": [
        "string"
    ],
    "tags": [
        {
            "id": 20210825,
            "name": "data"
        }
    ],
    "status": "sold"
}
HTTP/1.1 200 OK
Date: Wed, 25 Aug 2021 23:09:39 GMT
Content-Type: application/json
Transfer-Encoding: chunked
Connection: keep-alive
Access-Control-Allow-Origin: *
Access-Control-Allow-Methods: GET, POST, DELETE, PUT
Access-Control-Allow-Headers: Content-Type, api_key, Authorization
Server: Jetty(9.2.9.v20150224)

{
    "id": 9643065515,
    "category": {
        "id": 1,
        "name": "AX2345LORD"
    },
    "name": "luke",
    "photoUrls": [
        "string"
    ],
    "tags": [
        {
            "id": 20210825,
            "name": "data"
        }
    ],
    "status": "sold"
}
Request method:	DELETE
Request URI:	https://petstore.swagger.io/v2/pet/9643065515
Proxy:			<none>
Request params:	<none>
Query params:	<none>
Form params:	<none>
Path params:	<none>
Headers:		Accept=*/*
				Content-Type=application/json; charset=UTF-8
Cookies:		<none>
Multiparts:		<none>
Body:			<none>
HTTP/1.1 200 OK
Date: Wed, 25 Aug 2021 23:09:40 GMT
Content-Type: application/json
Transfer-Encoding: chunked
Connection: keep-alive
Access-Control-Allow-Origin: *
Access-Control-Allow-Methods: GET, POST, DELETE, PUT
Access-Control-Allow-Headers: Content-Type, api_key, Authorization
Server: Jetty(9.2.9.v20150224)

{
    "code": 200,
    "type": "unknown",
    "message": "9643065515"
}
]]></system-out>
  <system-err><![CDATA[]]></system-err>
</testsuite>
